running egg_info
writing build/caramelo_manipulation/caramelo_manipulation.egg-info/PKG-INFO
writing dependency_links to build/caramelo_manipulation/caramelo_manipulation.egg-info/dependency_links.txt
writing entry points to build/caramelo_manipulation/caramelo_manipulation.egg-info/entry_points.txt
writing requirements to build/caramelo_manipulation/caramelo_manipulation.egg-info/requires.txt
writing top-level names to build/caramelo_manipulation/caramelo_manipulation.egg-info/top_level.txt
reading manifest file 'build/caramelo_manipulation/caramelo_manipulation.egg-info/SOURCES.txt'
writing manifest file 'build/caramelo_manipulation/caramelo_manipulation.egg-info/SOURCES.txt'
running build
running build_py
copying caramelo_manipulation/place.py -> /home/linux24-04/Caramelo_workspace/src/caramelo_manipulation/build/caramelo_manipulation/build/lib/caramelo_manipulation
copying caramelo_manipulation/pegada.py -> /home/linux24-04/Caramelo_workspace/src/caramelo_manipulation/build/caramelo_manipulation/build/lib/caramelo_manipulation
copying caramelo_manipulation/caramelo_manip.py -> /home/linux24-04/Caramelo_workspace/src/caramelo_manipulation/build/caramelo_manipulation/build/lib/caramelo_manipulation
copying caramelo_manipulation/translate.py -> /home/linux24-04/Caramelo_workspace/src/caramelo_manipulation/build/caramelo_manipulation/build/lib/caramelo_manipulation
running install
running install_lib
copying /home/linux24-04/Caramelo_workspace/src/caramelo_manipulation/build/caramelo_manipulation/build/lib/caramelo_manipulation/place.py -> /home/linux24-04/Caramelo_workspace/src/caramelo_manipulation/install/caramelo_manipulation/lib/python3.12/site-packages/caramelo_manipulation
copying /home/linux24-04/Caramelo_workspace/src/caramelo_manipulation/build/caramelo_manipulation/build/lib/caramelo_manipulation/pegada.py -> /home/linux24-04/Caramelo_workspace/src/caramelo_manipulation/install/caramelo_manipulation/lib/python3.12/site-packages/caramelo_manipulation
copying /home/linux24-04/Caramelo_workspace/src/caramelo_manipulation/build/caramelo_manipulation/build/lib/caramelo_manipulation/caramelo_manip.py -> /home/linux24-04/Caramelo_workspace/src/caramelo_manipulation/install/caramelo_manipulation/lib/python3.12/site-packages/caramelo_manipulation
copying /home/linux24-04/Caramelo_workspace/src/caramelo_manipulation/build/caramelo_manipulation/build/lib/caramelo_manipulation/translate.py -> /home/linux24-04/Caramelo_workspace/src/caramelo_manipulation/install/caramelo_manipulation/lib/python3.12/site-packages/caramelo_manipulation
byte-compiling /home/linux24-04/Caramelo_workspace/src/caramelo_manipulation/install/caramelo_manipulation/lib/python3.12/site-packages/caramelo_manipulation/place.py to place.cpython-312.pyc
byte-compiling /home/linux24-04/Caramelo_workspace/src/caramelo_manipulation/install/caramelo_manipulation/lib/python3.12/site-packages/caramelo_manipulation/pegada.py to pegada.cpython-312.pyc
byte-compiling /home/linux24-04/Caramelo_workspace/src/caramelo_manipulation/install/caramelo_manipulation/lib/python3.12/site-packages/caramelo_manipulation/caramelo_manip.py to caramelo_manip.cpython-312.pyc
byte-compiling /home/linux24-04/Caramelo_workspace/src/caramelo_manipulation/install/caramelo_manipulation/lib/python3.12/site-packages/caramelo_manipulation/translate.py to translate.cpython-312.pyc
running install_data
running install_egg_info
removing '/home/linux24-04/Caramelo_workspace/src/caramelo_manipulation/install/caramelo_manipulation/lib/python3.12/site-packages/caramelo_manipulation-0.1.0-py3.12.egg-info' (and everything under it)
Copying build/caramelo_manipulation/caramelo_manipulation.egg-info to /home/linux24-04/Caramelo_workspace/src/caramelo_manipulation/install/caramelo_manipulation/lib/python3.12/site-packages/caramelo_manipulation-0.1.0-py3.12.egg-info
running install_scripts
Installing manip_listener script to /home/linux24-04/Caramelo_workspace/src/caramelo_manipulation/install/caramelo_manipulation/lib/caramelo_manipulation
Installing manip_listener_launcher script to /home/linux24-04/Caramelo_workspace/src/caramelo_manipulation/install/caramelo_manipulation/lib/caramelo_manipulation
Installing manip_service script to /home/linux24-04/Caramelo_workspace/src/caramelo_manipulation/install/caramelo_manipulation/lib/caramelo_manipulation
writing list of installed files to '/home/linux24-04/Caramelo_workspace/src/caramelo_manipulation/build/caramelo_manipulation/install.log'
