/home/work/Caramelo_workspace/install/caramelo_description/lib/python3.12/site-packages/caramelo_description/__init__.py
/home/work/Caramelo_workspace/install/caramelo_description/lib/python3.12/site-packages/caramelo_description/__pycache__/__init__.cpython-312.pyc
/home/work/Caramelo_workspace/install/caramelo_description/share/ament_index/resource_index/packages/caramelo_description
/home/work/Caramelo_workspace/install/caramelo_description/share/caramelo_description/package.xml
/home/work/Caramelo_workspace/install/caramelo_description/share/caramelo_description/launch/display.launch.py
/home/work/Caramelo_workspace/install/caramelo_description/share/caramelo_description/launch/gazebo.launch.py
/home/work/Caramelo_workspace/install/caramelo_description/share/caramelo_description/rviz/display.rviz
/home/work/Caramelo_workspace/install/caramelo_description/share/caramelo_description/rviz/caramelo.rviz
/home/work/Caramelo_workspace/install/caramelo_description/share/caramelo_description/URDF/zed_camera_corrected.xacro
/home/work/Caramelo_workspace/install/caramelo_description/share/caramelo_description/URDF/lidar_sensor.xacro
/home/work/Caramelo_workspace/install/caramelo_description/share/caramelo_description/URDF/robot.urdf.xacro
/home/work/Caramelo_workspace/install/caramelo_description/share/caramelo_description/URDF/robot_ros2_control.xacro
/home/work/Caramelo_workspace/install/caramelo_description/share/caramelo_description/URDF/robot_base.xacro
/home/work/Caramelo_workspace/install/caramelo_description/share/caramelo_description/URDF/zed_camera.xacro
/home/work/Caramelo_workspace/install/caramelo_description/share/caramelo_description/URDF/robot_mecanum_wheel.xacro
/home/work/Caramelo_workspace/install/caramelo_description/share/caramelo_description/worlds
/home/work/Caramelo_workspace/install/caramelo_description/lib/python3.12/site-packages/caramelo_description-0.0.1-py3.12.egg-info/PKG-INFO
/home/work/Caramelo_workspace/install/caramelo_description/lib/python3.12/site-packages/caramelo_description-0.0.1-py3.12.egg-info/SOURCES.txt
/home/work/Caramelo_workspace/install/caramelo_description/lib/python3.12/site-packages/caramelo_description-0.0.1-py3.12.egg-info/top_level.txt
/home/work/Caramelo_workspace/install/caramelo_description/lib/python3.12/site-packages/caramelo_description-0.0.1-py3.12.egg-info/dependency_links.txt
/home/work/Caramelo_workspace/install/caramelo_description/lib/python3.12/site-packages/caramelo_description-0.0.1-py3.12.egg-info/zip-safe
/home/work/Caramelo_workspace/install/caramelo_description/lib/python3.12/site-packages/caramelo_description-0.0.1-py3.12.egg-info/requires.txt
