/home/linux24-04/Caramelo_workspace/src/caramelo_manipulation/install/caramelo_manipulation/lib/python3.12/site-packages/caramelo_manipulation/manip_listener_launcher.py
/home/linux24-04/Caramelo_workspace/src/caramelo_manipulation/install/caramelo_manipulation/lib/python3.12/site-packages/caramelo_manipulation/place.py
/home/linux24-04/Caramelo_workspace/src/caramelo_manipulation/install/caramelo_manipulation/lib/python3.12/site-packages/caramelo_manipulation/dynamixel_motor.py
/home/linux24-04/Caramelo_workspace/src/caramelo_manipulation/install/caramelo_manipulation/lib/python3.12/site-packages/caramelo_manipulation/pegada.py
/home/linux24-04/Caramelo_workspace/src/caramelo_manipulation/install/caramelo_manipulation/lib/python3.12/site-packages/caramelo_manipulation/caramelo_manip.py
/home/linux24-04/Caramelo_workspace/src/caramelo_manipulation/install/caramelo_manipulation/lib/python3.12/site-packages/caramelo_manipulation/translate.py
/home/linux24-04/Caramelo_workspace/src/caramelo_manipulation/install/caramelo_manipulation/lib/python3.12/site-packages/caramelo_manipulation/__init__.py
/home/linux24-04/Caramelo_workspace/src/caramelo_manipulation/install/caramelo_manipulation/lib/python3.12/site-packages/caramelo_manipulation/manipulador.py
/home/linux24-04/Caramelo_workspace/src/caramelo_manipulation/install/caramelo_manipulation/lib/python3.12/site-packages/caramelo_manipulation/excute_manip.py
/home/linux24-04/Caramelo_workspace/src/caramelo_manipulation/install/caramelo_manipulation/lib/python3.12/site-packages/caramelo_manipulation/manip_service.py
/home/linux24-04/Caramelo_workspace/src/caramelo_manipulation/install/caramelo_manipulation/lib/python3.12/site-packages/caramelo_manipulation/data/containers.json
/home/linux24-04/Caramelo_workspace/src/caramelo_manipulation/install/caramelo_manipulation/lib/python3.12/site-packages/caramelo_manipulation/data/retira.json
/home/linux24-04/Caramelo_workspace/src/caramelo_manipulation/install/caramelo_manipulation/lib/python3.12/site-packages/caramelo_manipulation/data/tags.json
/home/linux24-04/Caramelo_workspace/src/caramelo_manipulation/install/caramelo_manipulation/lib/python3.12/site-packages/caramelo_manipulation/__pycache__/manip_listener_launcher.cpython-312.pyc
/home/linux24-04/Caramelo_workspace/src/caramelo_manipulation/install/caramelo_manipulation/lib/python3.12/site-packages/caramelo_manipulation/__pycache__/place.cpython-312.pyc
/home/linux24-04/Caramelo_workspace/src/caramelo_manipulation/install/caramelo_manipulation/lib/python3.12/site-packages/caramelo_manipulation/__pycache__/dynamixel_motor.cpython-312.pyc
/home/linux24-04/Caramelo_workspace/src/caramelo_manipulation/install/caramelo_manipulation/lib/python3.12/site-packages/caramelo_manipulation/__pycache__/pegada.cpython-312.pyc
/home/linux24-04/Caramelo_workspace/src/caramelo_manipulation/install/caramelo_manipulation/lib/python3.12/site-packages/caramelo_manipulation/__pycache__/caramelo_manip.cpython-312.pyc
/home/linux24-04/Caramelo_workspace/src/caramelo_manipulation/install/caramelo_manipulation/lib/python3.12/site-packages/caramelo_manipulation/__pycache__/translate.cpython-312.pyc
/home/linux24-04/Caramelo_workspace/src/caramelo_manipulation/install/caramelo_manipulation/lib/python3.12/site-packages/caramelo_manipulation/__pycache__/__init__.cpython-312.pyc
/home/linux24-04/Caramelo_workspace/src/caramelo_manipulation/install/caramelo_manipulation/lib/python3.12/site-packages/caramelo_manipulation/__pycache__/manipulador.cpython-312.pyc
/home/linux24-04/Caramelo_workspace/src/caramelo_manipulation/install/caramelo_manipulation/lib/python3.12/site-packages/caramelo_manipulation/__pycache__/excute_manip.cpython-312.pyc
/home/linux24-04/Caramelo_workspace/src/caramelo_manipulation/install/caramelo_manipulation/lib/python3.12/site-packages/caramelo_manipulation/__pycache__/manip_service.cpython-312.pyc
/home/linux24-04/Caramelo_workspace/src/caramelo_manipulation/install/caramelo_manipulation/share/caramelo_manipulation/package.xml
/home/linux24-04/Caramelo_workspace/src/caramelo_manipulation/install/caramelo_manipulation/share/caramelo_manipulation/launch/caramelo_manipulation.launch.py
/home/linux24-04/Caramelo_workspace/src/caramelo_manipulation/install/caramelo_manipulation/lib/python3.12/site-packages/caramelo_manipulation-0.1.0-py3.12.egg-info/requires.txt
/home/linux24-04/Caramelo_workspace/src/caramelo_manipulation/install/caramelo_manipulation/lib/python3.12/site-packages/caramelo_manipulation-0.1.0-py3.12.egg-info/PKG-INFO
/home/linux24-04/Caramelo_workspace/src/caramelo_manipulation/install/caramelo_manipulation/lib/python3.12/site-packages/caramelo_manipulation-0.1.0-py3.12.egg-info/SOURCES.txt
/home/linux24-04/Caramelo_workspace/src/caramelo_manipulation/install/caramelo_manipulation/lib/python3.12/site-packages/caramelo_manipulation-0.1.0-py3.12.egg-info/entry_points.txt
/home/linux24-04/Caramelo_workspace/src/caramelo_manipulation/install/caramelo_manipulation/lib/python3.12/site-packages/caramelo_manipulation-0.1.0-py3.12.egg-info/top_level.txt
/home/linux24-04/Caramelo_workspace/src/caramelo_manipulation/install/caramelo_manipulation/lib/python3.12/site-packages/caramelo_manipulation-0.1.0-py3.12.egg-info/zip-safe
/home/linux24-04/Caramelo_workspace/src/caramelo_manipulation/install/caramelo_manipulation/lib/python3.12/site-packages/caramelo_manipulation-0.1.0-py3.12.egg-info/dependency_links.txt
/home/linux24-04/Caramelo_workspace/src/caramelo_manipulation/install/caramelo_manipulation/lib/caramelo_manipulation/manip_listener
/home/linux24-04/Caramelo_workspace/src/caramelo_manipulation/install/caramelo_manipulation/lib/caramelo_manipulation/manip_listener_launcher
/home/linux24-04/Caramelo_workspace/src/caramelo_manipulation/install/caramelo_manipulation/lib/caramelo_manipulation/manip_service
