[0.117s] DEBUG:colcon:Command line arguments: ['/usr/bin/colcon', 'build', '--packages-select', 'caramelo_manipulation']
[0.118s] DEBUG:colcon:Parsed command line arguments: Namespace(log_base=None, log_level=None, verb_name='build', build_base='build', install_base='install', merge_install=False, symlink_install=False, test_result_base=None, continue_on_error=False, executor='parallel', parallel_workers=8, event_handlers=None, ignore_user_meta=False, metas=['./colcon.meta'], base_paths=['.'], packages_ignore=None, packages_ignore_regex=None, paths=None, packages_up_to=None, packages_up_to_regex=None, packages_above=None, packages_above_and_dependencies=None, packages_above_depth=None, packages_select_by_dep=None, packages_skip_by_dep=None, packages_skip_up_to=None, packages_select_build_failed=False, packages_skip_build_finished=False, packages_select_test_failures=False, packages_skip_test_passed=False, packages_select=['caramelo_manipulation'], packages_skip=None, packages_select_regex=None, packages_skip_regex=None, packages_start=None, packages_end=None, allow_overriding=[], cmake_args=None, cmake_target=None, cmake_target_skip_unavailable=False, cmake_clean_cache=False, cmake_clean_first=False, cmake_force_configure=False, ament_cmake_args=None, catkin_cmake_args=None, catkin_skip_building_tests=False, mixin_files=None, mixin=None, verb_parser=<colcon_mixin.mixin.mixin_argument.MixinArgumentDecorator object at 0x7ccf046b55b0>, verb_extension=<colcon_core.verb.build.BuildVerb object at 0x7ccf047c9be0>, main=<bound method BuildVerb.main of <colcon_core.verb.build.BuildVerb object at 0x7ccf047c9be0>>, mixin_verb=('build',))
[0.157s] Level 1:colcon.colcon_core.package_discovery:discover_packages(colcon_meta) check parameters
[0.157s] Level 1:colcon.colcon_core.package_discovery:discover_packages(recursive) check parameters
[0.157s] Level 1:colcon.colcon_core.package_discovery:discover_packages(ignore) check parameters
[0.158s] Level 1:colcon.colcon_core.package_discovery:discover_packages(path) check parameters
[0.158s] Level 1:colcon.colcon_core.package_discovery:discover_packages(colcon_meta) discover
[0.158s] Level 1:colcon.colcon_core.package_discovery:discover_packages(recursive) discover
[0.158s] INFO:colcon.colcon_core.package_discovery:Crawling recursively for packages in '/home/linux24-04/Caramelo_workspace/src/caramelo_manipulation'
[0.158s] Level 1:colcon.colcon_core.package_identification:_identify(.) by extensions ['ignore', 'ignore_ament_install']
[0.158s] Level 1:colcon.colcon_core.package_identification:_identify(.) by extension 'ignore'
[0.158s] Level 1:colcon.colcon_core.package_identification:_identify(.) by extension 'ignore_ament_install'
[0.158s] Level 1:colcon.colcon_core.package_identification:_identify(.) by extensions ['colcon_pkg']
[0.158s] Level 1:colcon.colcon_core.package_identification:_identify(.) by extension 'colcon_pkg'
[0.158s] Level 1:colcon.colcon_core.package_identification:_identify(.) by extensions ['colcon_meta']
[0.158s] Level 1:colcon.colcon_core.package_identification:_identify(.) by extension 'colcon_meta'
[0.158s] Level 1:colcon.colcon_core.package_identification:_identify(.) by extensions ['ros']
[0.158s] Level 1:colcon.colcon_core.package_identification:_identify(.) by extension 'ros'
[0.203s] DEBUG:colcon.colcon_core.package_identification:Package '.' with type 'ros.ament_python' and name 'caramelo_manipulation'
[0.203s] Level 1:colcon.colcon_core.package_discovery:discover_packages(recursive) using defaults
[0.203s] Level 1:colcon.colcon_core.package_discovery:discover_packages(ignore) discover
[0.204s] Level 1:colcon.colcon_core.package_discovery:discover_packages(ignore) using defaults
[0.204s] Level 1:colcon.colcon_core.package_discovery:discover_packages(path) discover
[0.204s] Level 1:colcon.colcon_core.package_discovery:discover_packages(path) using defaults
[0.235s] Level 1:colcon.colcon_core.package_discovery:discover_packages(prefix_path) check parameters
[0.235s] Level 1:colcon.colcon_core.package_discovery:discover_packages(prefix_path) discover
[0.237s] DEBUG:colcon.colcon_installed_package_information.package_discovery:Found 1 installed packages in /home/linux24-04/Caramelo_workspace/src/caramelo_manipulation/install
[0.238s] DEBUG:colcon.colcon_installed_package_information.package_discovery:Found 0 installed packages in /home/linux24-04/Caramelo_workspace/src/caramelo_manipulation/caramelo_manipulation/install
[0.239s] DEBUG:colcon.colcon_installed_package_information.package_discovery:Found 4 installed packages in /home/linux24-04/Caramelo_workspace/install
[0.243s] DEBUG:colcon.colcon_installed_package_information.package_discovery:Found 447 installed packages in /opt/ros/jazzy
[0.246s] Level 1:colcon.colcon_core.package_discovery:discover_packages(prefix_path) using defaults
[0.321s] Level 5:colcon.colcon_core.verb:set package 'caramelo_manipulation' build argument 'cmake_args' from command line to 'None'
[0.321s] Level 5:colcon.colcon_core.verb:set package 'caramelo_manipulation' build argument 'cmake_target' from command line to 'None'
[0.321s] Level 5:colcon.colcon_core.verb:set package 'caramelo_manipulation' build argument 'cmake_target_skip_unavailable' from command line to 'False'
[0.321s] Level 5:colcon.colcon_core.verb:set package 'caramelo_manipulation' build argument 'cmake_clean_cache' from command line to 'False'
[0.321s] Level 5:colcon.colcon_core.verb:set package 'caramelo_manipulation' build argument 'cmake_clean_first' from command line to 'False'
[0.321s] Level 5:colcon.colcon_core.verb:set package 'caramelo_manipulation' build argument 'cmake_force_configure' from command line to 'False'
[0.321s] Level 5:colcon.colcon_core.verb:set package 'caramelo_manipulation' build argument 'ament_cmake_args' from command line to 'None'
[0.321s] Level 5:colcon.colcon_core.verb:set package 'caramelo_manipulation' build argument 'catkin_cmake_args' from command line to 'None'
[0.321s] Level 5:colcon.colcon_core.verb:set package 'caramelo_manipulation' build argument 'catkin_skip_building_tests' from command line to 'False'
[0.321s] DEBUG:colcon.colcon_core.verb:Building package 'caramelo_manipulation' with the following arguments: {'ament_cmake_args': None, 'build_base': '/home/linux24-04/Caramelo_workspace/src/caramelo_manipulation/build/caramelo_manipulation', 'catkin_cmake_args': None, 'catkin_skip_building_tests': False, 'cmake_args': None, 'cmake_clean_cache': False, 'cmake_clean_first': False, 'cmake_force_configure': False, 'cmake_target': None, 'cmake_target_skip_unavailable': False, 'install_base': '/home/linux24-04/Caramelo_workspace/src/caramelo_manipulation/install/caramelo_manipulation', 'merge_install': False, 'path': '/home/linux24-04/Caramelo_workspace/src/caramelo_manipulation', 'symlink_install': False, 'test_result_base': None}
[0.321s] INFO:colcon.colcon_core.executor:Executing jobs using 'parallel' executor
[0.322s] DEBUG:colcon.colcon_parallel_executor.executor.parallel:run_until_complete
[0.322s] INFO:colcon.colcon_ros.task.ament_python.build:Building ROS package in '/home/linux24-04/Caramelo_workspace/src/caramelo_manipulation' with build type 'ament_python'
[0.323s] Level 1:colcon.colcon_core.shell:create_environment_hook('caramelo_manipulation', 'ament_prefix_path')
[0.325s] INFO:colcon.colcon_core.plugin_system:Skipping extension 'colcon_core.shell.bat': Not used on non-Windows systems
[0.326s] INFO:colcon.colcon_core.shell:Creating environment hook '/home/linux24-04/Caramelo_workspace/src/caramelo_manipulation/install/caramelo_manipulation/share/caramelo_manipulation/hook/ament_prefix_path.ps1'
[0.327s] INFO:colcon.colcon_core.shell:Creating environment descriptor '/home/linux24-04/Caramelo_workspace/src/caramelo_manipulation/install/caramelo_manipulation/share/caramelo_manipulation/hook/ament_prefix_path.dsv'
[0.328s] INFO:colcon.colcon_core.shell:Creating environment hook '/home/linux24-04/Caramelo_workspace/src/caramelo_manipulation/install/caramelo_manipulation/share/caramelo_manipulation/hook/ament_prefix_path.sh'
[0.330s] INFO:colcon.colcon_core.shell:Skip shell extension 'powershell' for command environment: Not usable outside of PowerShell
[0.330s] DEBUG:colcon.colcon_core.shell:Skip shell extension 'dsv' for command environment
[0.589s] WARNING:colcon.colcon_ros.task.ament_python.build:Package 'caramelo_manipulation' doesn't explicitly install a marker in the package index (colcon-ros currently does it implicitly but that fallback will be removed in the future)
[0.589s] INFO:colcon.colcon_core.task.python.build:Building Python package in '/home/linux24-04/Caramelo_workspace/src/caramelo_manipulation'
[0.589s] INFO:colcon.colcon_core.shell:Skip shell extension 'powershell' for command environment: Not usable outside of PowerShell
[0.589s] DEBUG:colcon.colcon_core.shell:Skip shell extension 'dsv' for command environment
[1.372s] DEBUG:colcon.colcon_core.event_handler.log_command:Invoking command in '/home/linux24-04/Caramelo_workspace/src/caramelo_manipulation': DEBUGINFOD_URLS=https://debuginfod.ubuntu.com PS1=(venv310) \[\e]0;\u@\h: \w\a\]${debian_chroot:+($debian_chroot)}\[\033[01;32m\]\u@\h\[\033[00m\]:\[\033[01;34m\]\w\[\033[00m\]\$ PYTHONPATH=/home/linux24-04/Caramelo_workspace/src/caramelo_manipulation/build/caramelo_manipulation/prefix_override:/usr/lib/python3/dist-packages/colcon_core/task/python/colcon_distutils_commands:/home/linux24-04/Caramelo_workspace/src/caramelo_manipulation/install/caramelo_manipulation/lib/python3.12/site-packages:${PYTHONPATH} VIRTUAL_ENV_PROMPT=(venv310) /usr/bin/python3 -W ignore:setup.py install is deprecated -W ignore:easy_install command is deprecated setup.py egg_info --egg-base build/caramelo_manipulation build --build-base /home/linux24-04/Caramelo_workspace/src/caramelo_manipulation/build/caramelo_manipulation/build install --record /home/linux24-04/Caramelo_workspace/src/caramelo_manipulation/build/caramelo_manipulation/install.log --single-version-externally-managed install_data
[2.050s] DEBUG:colcon.colcon_core.event_handler.log_command:Invoked command in '/home/linux24-04/Caramelo_workspace/src/caramelo_manipulation' returned '0': DEBUGINFOD_URLS=https://debuginfod.ubuntu.com PS1=(venv310) \[\e]0;\u@\h: \w\a\]${debian_chroot:+($debian_chroot)}\[\033[01;32m\]\u@\h\[\033[00m\]:\[\033[01;34m\]\w\[\033[00m\]\$ PYTHONPATH=/home/linux24-04/Caramelo_workspace/src/caramelo_manipulation/build/caramelo_manipulation/prefix_override:/usr/lib/python3/dist-packages/colcon_core/task/python/colcon_distutils_commands:/home/linux24-04/Caramelo_workspace/src/caramelo_manipulation/install/caramelo_manipulation/lib/python3.12/site-packages:${PYTHONPATH} VIRTUAL_ENV_PROMPT=(venv310) /usr/bin/python3 -W ignore:setup.py install is deprecated -W ignore:easy_install command is deprecated setup.py egg_info --egg-base build/caramelo_manipulation build --build-base /home/linux24-04/Caramelo_workspace/src/caramelo_manipulation/build/caramelo_manipulation/build install --record /home/linux24-04/Caramelo_workspace/src/caramelo_manipulation/build/caramelo_manipulation/install.log --single-version-externally-managed install_data
[2.052s] Level 1:colcon.colcon_core.environment:checking '/home/linux24-04/Caramelo_workspace/src/caramelo_manipulation/install/caramelo_manipulation' for CMake module files
[2.053s] Level 1:colcon.colcon_core.environment:checking '/home/linux24-04/Caramelo_workspace/src/caramelo_manipulation/install/caramelo_manipulation' for CMake config files
[2.053s] Level 1:colcon.colcon_core.environment:checking '/home/linux24-04/Caramelo_workspace/src/caramelo_manipulation/install/caramelo_manipulation/lib'
[2.054s] Level 1:colcon.colcon_core.environment:checking '/home/linux24-04/Caramelo_workspace/src/caramelo_manipulation/install/caramelo_manipulation/bin'
[2.054s] Level 1:colcon.colcon_core.environment:checking '/home/linux24-04/Caramelo_workspace/src/caramelo_manipulation/install/caramelo_manipulation/lib/pkgconfig/caramelo_manipulation.pc'
[2.054s] Level 1:colcon.colcon_core.environment:checking '/home/linux24-04/Caramelo_workspace/src/caramelo_manipulation/install/caramelo_manipulation/lib/python3.12/site-packages'
[2.054s] Level 1:colcon.colcon_core.shell:create_environment_hook('caramelo_manipulation', 'pythonpath')
[2.055s] INFO:colcon.colcon_core.shell:Creating environment hook '/home/linux24-04/Caramelo_workspace/src/caramelo_manipulation/install/caramelo_manipulation/share/caramelo_manipulation/hook/pythonpath.ps1'
[2.055s] INFO:colcon.colcon_core.shell:Creating environment descriptor '/home/linux24-04/Caramelo_workspace/src/caramelo_manipulation/install/caramelo_manipulation/share/caramelo_manipulation/hook/pythonpath.dsv'
[2.056s] INFO:colcon.colcon_core.shell:Creating environment hook '/home/linux24-04/Caramelo_workspace/src/caramelo_manipulation/install/caramelo_manipulation/share/caramelo_manipulation/hook/pythonpath.sh'
[2.056s] Level 1:colcon.colcon_core.environment:checking '/home/linux24-04/Caramelo_workspace/src/caramelo_manipulation/install/caramelo_manipulation/bin'
[2.057s] Level 1:colcon.colcon_core.environment:create_environment_scripts_only(caramelo_manipulation)
[2.057s] INFO:colcon.colcon_core.shell:Creating package script '/home/linux24-04/Caramelo_workspace/src/caramelo_manipulation/install/caramelo_manipulation/share/caramelo_manipulation/package.ps1'
[2.058s] INFO:colcon.colcon_core.shell:Creating package descriptor '/home/linux24-04/Caramelo_workspace/src/caramelo_manipulation/install/caramelo_manipulation/share/caramelo_manipulation/package.dsv'
[2.058s] INFO:colcon.colcon_core.shell:Creating package script '/home/linux24-04/Caramelo_workspace/src/caramelo_manipulation/install/caramelo_manipulation/share/caramelo_manipulation/package.sh'
[2.059s] INFO:colcon.colcon_core.shell:Creating package script '/home/linux24-04/Caramelo_workspace/src/caramelo_manipulation/install/caramelo_manipulation/share/caramelo_manipulation/package.bash'
[2.061s] INFO:colcon.colcon_core.shell:Creating package script '/home/linux24-04/Caramelo_workspace/src/caramelo_manipulation/install/caramelo_manipulation/share/caramelo_manipulation/package.zsh'
[2.062s] Level 1:colcon.colcon_core.environment:create_file_with_runtime_dependencies(/home/linux24-04/Caramelo_workspace/src/caramelo_manipulation/install/caramelo_manipulation/share/colcon-core/packages/caramelo_manipulation)
[2.062s] DEBUG:colcon.colcon_parallel_executor.executor.parallel:closing loop
[2.062s] DEBUG:colcon.colcon_parallel_executor.executor.parallel:loop closed
[2.062s] DEBUG:colcon.colcon_parallel_executor.executor.parallel:run_until_complete finished with '0'
[2.062s] DEBUG:colcon.colcon_core.event_reactor:joining thread
[2.072s] INFO:colcon.colcon_core.plugin_system:Skipping extension 'colcon_notification.desktop_notification.terminal_notifier': Not used on non-Darwin systems
[2.073s] INFO:colcon.colcon_core.plugin_system:Skipping extension 'colcon_notification.desktop_notification.win32': Not used on non-Windows systems
[2.073s] INFO:colcon.colcon_notification.desktop_notification:Sending desktop notification using 'notify2'
[2.093s] DEBUG:colcon.colcon_core.event_reactor:joined thread
[2.093s] INFO:colcon.colcon_core.shell:Creating prefix script '/home/linux24-04/Caramelo_workspace/src/caramelo_manipulation/install/local_setup.ps1'
[2.094s] INFO:colcon.colcon_core.shell:Creating prefix util module '/home/linux24-04/Caramelo_workspace/src/caramelo_manipulation/install/_local_setup_util_ps1.py'
[2.096s] INFO:colcon.colcon_core.shell:Creating prefix chain script '/home/linux24-04/Caramelo_workspace/src/caramelo_manipulation/install/setup.ps1'
[2.097s] INFO:colcon.colcon_core.shell:Creating prefix script '/home/linux24-04/Caramelo_workspace/src/caramelo_manipulation/install/local_setup.sh'
[2.098s] INFO:colcon.colcon_core.shell:Creating prefix util module '/home/linux24-04/Caramelo_workspace/src/caramelo_manipulation/install/_local_setup_util_sh.py'
[2.099s] INFO:colcon.colcon_core.shell:Creating prefix chain script '/home/linux24-04/Caramelo_workspace/src/caramelo_manipulation/install/setup.sh'
[2.102s] INFO:colcon.colcon_core.shell:Creating prefix script '/home/linux24-04/Caramelo_workspace/src/caramelo_manipulation/install/local_setup.bash'
[2.102s] INFO:colcon.colcon_core.shell:Creating prefix chain script '/home/linux24-04/Caramelo_workspace/src/caramelo_manipulation/install/setup.bash'
[2.104s] INFO:colcon.colcon_core.shell:Creating prefix script '/home/linux24-04/Caramelo_workspace/src/caramelo_manipulation/install/local_setup.zsh'
[2.105s] INFO:colcon.colcon_core.shell:Creating prefix chain script '/home/linux24-04/Caramelo_workspace/src/caramelo_manipulation/install/setup.zsh'
